2015-12-01 15:39:47.178 PalladioMetaEdit[66755:6438050] DiskCookieStorage changing policy from 2 to 0, cookie file: file:///Users/esjewett/Library/Developer/CoreSimulator/Devices/07BFA52E-B478-4F44-BE39-35917BF8EDCD/data/Containers/Data/Application/D1CFB017-B41B-4962-B6D4-3D4FB5EB8D2D/Library/Cookies/org.palladio.metaedit.binarycookies
2015-12-01 15:39:47.626 PalladioMetaEdit[66755:6438050] Apache Cordova native platform version 3.9.2 is starting.
2015-12-01 15:39:47.627 PalladioMetaEdit[66755:6438050] Multi-tasking -> Device: YES, App: YES
2015-12-01 15:39:47.648 PalladioMetaEdit[66755:6438050] Unlimited access to network resources
2015-12-01 15:39:47.662 PalladioMetaEdit[66755:6438050] 

Started backup to iCloud! Please be careful.
Your application might be rejected by Apple if you store too much data.
For more information please read "iOS Data Storage Guidelines" at:
https://developer.apple.com/icloud/documentation/data-storage/
To disable web storage backup to iCloud, set the BackupWebStorage preference to "local" in the Cordova config.xml file

2015-12-01 15:39:48.803 PalladioMetaEdit[66755:6438050] Resetting plugins due to page load.
2015-12-01 15:39:49.537 PalladioMetaEdit[66755:6438050] Finished load of: file:///Users/esjewett/Library/Developer/CoreSimulator/Devices/07BFA52E-B478-4F44-BE39-35917BF8EDCD/data/Containers/Bundle/Application/790569A6-389E-4CF6-91E8-B6FC4B4460EB/PalladioMetaEdit.app/www/index.html
2015-12-01 15:40:03.909 PalladioMetaEdit[66786:6439326] DiskCookieStorage changing policy from 2 to 0, cookie file: file:///Users/esjewett/Library/Developer/CoreSimulator/Devices/07BFA52E-B478-4F44-BE39-35917BF8EDCD/data/Containers/Data/Application/976DE842-125B-4810-ABD9-A48D6278FD9D/Library/Cookies/org.palladio.metaedit.binarycookies
2015-12-01 15:40:03.995 PalladioMetaEdit[66786:6439326] Apache Cordova native platform version 3.9.2 is starting.
2015-12-01 15:40:03.996 PalladioMetaEdit[66786:6439326] Multi-tasking -> Device: YES, App: YES
2015-12-01 15:40:03.997 PalladioMetaEdit[66786:6439326] Unlimited access to network resources
2015-12-01 15:40:04.000 PalladioMetaEdit[66786:6439326] 

Started backup to iCloud! Please be careful.
Your application might be rejected by Apple if you store too much data.
For more information please read "iOS Data Storage Guidelines" at:
https://developer.apple.com/icloud/documentation/data-storage/
To disable web storage backup to iCloud, set the BackupWebStorage preference to "local" in the Cordova config.xml file

2015-12-01 15:40:04.204 PalladioMetaEdit[66786:6439326] Resetting plugins due to page load.
2015-12-01 15:40:04.603 PalladioMetaEdit[66786:6439326] Finished load of: file:///Users/esjewett/Library/Developer/CoreSimulator/Devices/07BFA52E-B478-4F44-BE39-35917BF8EDCD/data/Containers/Bundle/Application/090CF4FF-C739-4AEE-842B-BBD529957491/PalladioMetaEdit.app/www/index.html
2015-12-01 15:42:49.023 PalladioMetaEdit[66877:6452633] DiskCookieStorage changing policy from 2 to 0, cookie file: file:///Users/esjewett/Library/Developer/CoreSimulator/Devices/07BFA52E-B478-4F44-BE39-35917BF8EDCD/data/Containers/Data/Application/6DF1B083-933F-4286-AFCF-6D7D928C1FD5/Library/Cookies/org.palladio.metaedit.binarycookies
2015-12-01 15:42:49.099 PalladioMetaEdit[66877:6452633] Apache Cordova native platform version 3.9.2 is starting.
2015-12-01 15:42:49.099 PalladioMetaEdit[66877:6452633] Multi-tasking -> Device: YES, App: YES
2015-12-01 15:42:49.101 PalladioMetaEdit[66877:6452633] Unlimited access to network resources
2015-12-01 15:42:49.104 PalladioMetaEdit[66877:6452633] 

Started backup to iCloud! Please be careful.
Your application might be rejected by Apple if you store too much data.
For more information please read "iOS Data Storage Guidelines" at:
https://developer.apple.com/icloud/documentation/data-storage/
To disable web storage backup to iCloud, set the BackupWebStorage preference to "local" in the Cordova config.xml file

2015-12-01 15:42:49.260 PalladioMetaEdit[66877:6452633] Resetting plugins due to page load.
2015-12-01 15:42:49.663 PalladioMetaEdit[66877:6452633] Finished load of: file:///Users/esjewett/Library/Developer/CoreSimulator/Devices/07BFA52E-B478-4F44-BE39-35917BF8EDCD/data/Containers/Bundle/Application/66D8159D-B631-4DE6-875E-846FD02B19D5/PalladioMetaEdit.app/www/index.html
2015-12-01 15:44:15.003 PalladioMetaEdit[66963:6459680] DiskCookieStorage changing policy from 2 to 0, cookie file: file:///Users/esjewett/Library/Developer/CoreSimulator/Devices/07BFA52E-B478-4F44-BE39-35917BF8EDCD/data/Containers/Data/Application/7D1F8479-06A4-4F7D-9F38-803208020CCD/Library/Cookies/org.palladio.metaedit.binarycookies
2015-12-01 15:44:15.048 PalladioMetaEdit[66963:6459680] Apache Cordova native platform version 3.9.2 is starting.
2015-12-01 15:44:15.049 PalladioMetaEdit[66963:6459680] Multi-tasking -> Device: YES, App: YES
2015-12-01 15:44:15.050 PalladioMetaEdit[66963:6459680] Unlimited access to network resources
2015-12-01 15:44:15.053 PalladioMetaEdit[66963:6459680] 

Started backup to iCloud! Please be careful.
Your application might be rejected by Apple if you store too much data.
For more information please read "iOS Data Storage Guidelines" at:
https://developer.apple.com/icloud/documentation/data-storage/
To disable web storage backup to iCloud, set the BackupWebStorage preference to "local" in the Cordova config.xml file

2015-12-01 15:44:15.131 PalladioMetaEdit[66963:6459680] Resetting plugins due to page load.
2015-12-01 15:44:15.529 PalladioMetaEdit[66963:6459680] Finished load of: file:///Users/esjewett/Library/Developer/CoreSimulator/Devices/07BFA52E-B478-4F44-BE39-35917BF8EDCD/data/Containers/Bundle/Application/B83DFD41-ABF7-4699-A848-F507E4C67DCF/PalladioMetaEdit.app/www/index.html
2015-12-01 15:46:21.883 PalladioMetaEdit[67055:6468750] DiskCookieStorage changing policy from 2 to 0, cookie file: file:///Users/esjewett/Library/Developer/CoreSimulator/Devices/07BFA52E-B478-4F44-BE39-35917BF8EDCD/data/Containers/Data/Application/F396DB99-6556-41F7-A011-F22DEAF43C99/Library/Cookies/org.palladio.metaedit.binarycookies
2015-12-01 15:46:21.953 PalladioMetaEdit[67055:6468750] Apache Cordova native platform version 3.9.2 is starting.
2015-12-01 15:46:21.953 PalladioMetaEdit[67055:6468750] Multi-tasking -> Device: YES, App: YES
2015-12-01 15:46:21.955 PalladioMetaEdit[67055:6468750] Unlimited access to network resources
2015-12-01 15:46:21.957 PalladioMetaEdit[67055:6468750] 

Started backup to iCloud! Please be careful.
Your application might be rejected by Apple if you store too much data.
For more information please read "iOS Data Storage Guidelines" at:
https://developer.apple.com/icloud/documentation/data-storage/
To disable web storage backup to iCloud, set the BackupWebStorage preference to "local" in the Cordova config.xml file

2015-12-01 15:46:22.079 PalladioMetaEdit[67055:6468750] Resetting plugins due to page load.
2015-12-01 15:46:22.459 PalladioMetaEdit[67055:6468750] Finished load of: file:///Users/esjewett/Library/Developer/CoreSimulator/Devices/07BFA52E-B478-4F44-BE39-35917BF8EDCD/data/Containers/Bundle/Application/E2A4EF30-CF80-485F-ABC0-8B2083D91B04/PalladioMetaEdit.app/www/index.html
2015-12-05 14:01:49.684 PalladioMetaEdit[83825:9192553] DiskCookieStorage changing policy from 2 to 0, cookie file: file:///Users/esjewett/Library/Developer/CoreSimulator/Devices/07BFA52E-B478-4F44-BE39-35917BF8EDCD/data/Containers/Data/Application/E0CFF237-C056-485C-97B8-265272A9A3E3/Library/Cookies/org.palladio.metaedit.binarycookies
2015-12-05 14:01:49.965 PalladioMetaEdit[83825:9192553] Apache Cordova native platform version 3.9.2 is starting.
2015-12-05 14:01:49.965 PalladioMetaEdit[83825:9192553] Multi-tasking -> Device: YES, App: YES
2015-12-05 14:01:49.979 PalladioMetaEdit[83825:9192553] Unlimited access to network resources
2015-12-05 14:01:49.991 PalladioMetaEdit[83825:9192553] 

Started backup to iCloud! Please be careful.
Your application might be rejected by Apple if you store too much data.
For more information please read "iOS Data Storage Guidelines" at:
https://developer.apple.com/icloud/documentation/data-storage/
To disable web storage backup to iCloud, set the BackupWebStorage preference to "local" in the Cordova config.xml file

2015-12-05 14:01:50.744 PalladioMetaEdit[83825:9192553] Resetting plugins due to page load.
2015-12-05 14:01:51.329 PalladioMetaEdit[83825:9192553] Finished load of: file:///Users/esjewett/Library/Developer/CoreSimulator/Devices/07BFA52E-B478-4F44-BE39-35917BF8EDCD/data/Containers/Bundle/Application/989DF422-BB84-41D1-98DA-5CBD057A498C/PalladioMetaEdit.app/www/index.html
2015-12-05 14:09:21.725 PalladioMetaEdit[84016:9227737] DiskCookieStorage changing policy from 2 to 0, cookie file: file:///Users/esjewett/Library/Developer/CoreSimulator/Devices/07BFA52E-B478-4F44-BE39-35917BF8EDCD/data/Containers/Data/Application/771DD8FD-57C9-4E6F-ADAD-BABE537CE98C/Library/Cookies/org.palladio.metaedit.binarycookies
2015-12-05 14:09:21.812 PalladioMetaEdit[84016:9227737] Apache Cordova native platform version 3.9.2 is starting.
2015-12-05 14:09:21.813 PalladioMetaEdit[84016:9227737] Multi-tasking -> Device: YES, App: YES
2015-12-05 14:09:21.814 PalladioMetaEdit[84016:9227737] Unlimited access to network resources
2015-12-05 14:09:21.817 PalladioMetaEdit[84016:9227737] 

Started backup to iCloud! Please be careful.
Your application might be rejected by Apple if you store too much data.
For more information please read "iOS Data Storage Guidelines" at:
https://developer.apple.com/icloud/documentation/data-storage/
To disable web storage backup to iCloud, set the BackupWebStorage preference to "local" in the Cordova config.xml file

2015-12-05 14:09:22.050 PalladioMetaEdit[84016:9227737] Resetting plugins due to page load.
2015-12-05 14:09:22.462 PalladioMetaEdit[84016:9227737] Finished load of: file:///Users/esjewett/Library/Developer/CoreSimulator/Devices/07BFA52E-B478-4F44-BE39-35917BF8EDCD/data/Containers/Bundle/Application/281BBC1C-1BF9-41A6-B5C2-E9B9C9B69353/PalladioMetaEdit.app/www/index.html
2015-12-05 15:12:58.817 PalladioMetaEdit[86058:9510510] Apache Cordova native platform version 3.9.2 is starting.
2015-12-05 15:12:58.820 PalladioMetaEdit[86058:9510510] Multi-tasking -> Device: YES, App: YES
2015-12-05 15:12:58.839 PalladioMetaEdit[86058:9510510] Unlimited access to network resources
2015-12-05 15:12:58.852 PalladioMetaEdit[86058:9510510] 

Started backup to iCloud! Please be careful.
Your application might be rejected by Apple if you store too much data.
For more information please read "iOS Data Storage Guidelines" at:
https://developer.apple.com/icloud/documentation/data-storage/
To disable web storage backup to iCloud, set the BackupWebStorage preference to "local" in the Cordova config.xml file

2015-12-05 15:12:59.237 PalladioMetaEdit[86058:9510510] [CDVTimer][file] 12.021959ms
2015-12-05 15:12:59.237 PalladioMetaEdit[86058:9510510] [CDVTimer][TotalPluginStartup] 12.327015ms
2015-12-05 15:12:59.774 PalladioMetaEdit[86058:9510510] Resetting plugins due to page load.
2015-12-05 15:13:00.404 PalladioMetaEdit[86058:9510510] Finished load of: file:///Users/esjewett/Library/Developer/CoreSimulator/Devices/07BFA52E-B478-4F44-BE39-35917BF8EDCD/data/Containers/Bundle/Application/064E7741-1F96-4057-B08E-D6D637F2C775/PalladioMetaEdit.app/www/index.html
2015-12-05 15:13:04.879 PalladioMetaEdit[86090:9511296] Apache Cordova native platform version 3.9.2 is starting.
2015-12-05 15:13:04.880 PalladioMetaEdit[86090:9511296] Multi-tasking -> Device: YES, App: YES
2015-12-05 15:13:04.881 PalladioMetaEdit[86090:9511296] Unlimited access to network resources
2015-12-05 15:13:04.884 PalladioMetaEdit[86090:9511296] 

Started backup to iCloud! Please be careful.
Your application might be rejected by Apple if you store too much data.
For more information please read "iOS Data Storage Guidelines" at:
https://developer.apple.com/icloud/documentation/data-storage/
To disable web storage backup to iCloud, set the BackupWebStorage preference to "local" in the Cordova config.xml file

2015-12-05 15:13:04.907 PalladioMetaEdit[86090:9511296] [CDVTimer][file] 1.228034ms
2015-12-05 15:13:04.908 PalladioMetaEdit[86090:9511296] [CDVTimer][TotalPluginStartup] 1.479983ms
2015-12-05 15:13:04.959 PalladioMetaEdit[86090:9511296] Resetting plugins due to page load.
2015-12-05 15:13:05.359 PalladioMetaEdit[86090:9511296] Finished load of: file:///Users/esjewett/Library/Developer/CoreSimulator/Devices/07BFA52E-B478-4F44-BE39-35917BF8EDCD/data/Containers/Bundle/Application/4065AC1B-2C52-468B-9D77-A306BDE6EB36/PalladioMetaEdit.app/www/index.html
